<?xml version="1.0" encoding="UTF-8"?>
<!-- Generated by org.testng.reporters.JUnitReportReporter -->
<testsuite hostname="FFE-Subham-Vishwakarma" failures="0" tests="1" name="practice.responseValidation.VerifyResponseBodyViaJSONPath" time="3.496" errors="0" timestamp="2024-06-27T13:06:45 IST" skipped="0">
  <testcase classname="practice.responseValidation.VerifyResponseBodyViaJSONPath" name="VerifyResponseBodyTest" time="3.496"/>
  <system-out/>
</testsuite> <!-- practice.responseValidation.VerifyResponseBodyViaJSONPath -->
