<?xml version="1.0" encoding="UTF-8"?>
<!-- Generated by org.testng.reporters.JUnitReportReporter -->
<testsuite hostname="FFE-Subham-Vishwakarma" failures="0" tests="1" name="com.sample.crud.withoutBDD.SampleTestForUpdateUsingPUT" time="2.656" errors="0" timestamp="2024-06-25T18:07:55 IST" skipped="0">
  <testcase classname="com.sample.crud.withoutBDD.SampleTestForUpdateUsingPUT" name="updateDataTest" time="2.656"/>
  <system-out/>
</testsuite> <!-- com.sample.crud.withoutBDD.SampleTestForUpdateUsingPUT -->
