<?xml version="1.0" encoding="UTF-8"?>
<!-- Generated by org.testng.reporters.JUnitReportReporter -->
<testsuite hostname="FFE-Subham-Vishwakarma" failures="0" tests="1" name="practice.Run1" time="0.013" errors="0" timestamp="2024-06-25T13:15:59 IST" skipped="0">
  <testcase classname="practice.Run1" name="sampleTest" time="0.013"/>
  <system-out/>
</testsuite> <!-- practice.Run1 -->
