<?xml version="1.0" encoding="UTF-8"?>
<!-- Generated by org.testng.reporters.JUnitReportReporter -->
<testsuite hostname="FFE-Subham-Vishwakarma" failures="0" tests="1" name="encryption.EncodingAndDecoding" time="0.015" errors="0" timestamp="2024-07-01T10:46:27 IST" skipped="0">
  <testcase classname="encryption.EncodingAndDecoding" name="sampleTest2" time="0.015"/>
  <system-out/>
</testsuite> <!-- encryption.EncodingAndDecoding -->
