<?xml version="1.0" encoding="UTF-8"?>
<!-- Generated by org.testng.reporters.JUnitReportReporter -->
<testsuite hostname="FFE-Subham-Vishwakarma" failures="0" tests="1" name="pac.SampleTest" time="3.103" errors="0" timestamp="2024-06-25T12:21:48 IST" skipped="0">
  <testcase classname="pac.SampleTest" name="sampleGetReqTest" time="3.103"/>
  <system-out/>
</testsuite> <!-- pac.SampleTest -->
