<?xml version="1.0" encoding="UTF-8"?>
<!-- Generated by org.testng.reporters.JUnitReportReporter -->
<testsuite hostname="FFE-Subham-Vishwakarma" failures="0" tests="3" name="DataDriventesting.AddMultipleProjectTest" time="0.997" errors="0" timestamp="2024-07-01T13:13:55 IST" skipped="0">
  <testcase classname="DataDriventesting.AddMultipleProjectTest" name="sampleTest" time="0.025"/>
  <system-out/>
  <testcase classname="DataDriventesting.AddMultipleProjectTest" name="sampleTest" time="0.031"/>
  <system-out/>
  <testcase classname="DataDriventesting.AddMultipleProjectTest" name="sampleTest" time="0.941"/>
  <system-out/>
</testsuite> <!-- DataDriventesting.AddMultipleProjectTest -->
