<?xml version="1.0" encoding="UTF-8"?>
<!-- Generated by org.testng.reporters.JUnitReportReporter -->
<testsuite hostname="FFE-Subham-Vishwakarma" failures="0" tests="1" name="com.sample.crud.withBDDtest.SampleTestToUsingPatch" time="3.081" errors="0" timestamp="2024-06-26T10:19:38 IST" skipped="0">
  <testcase classname="com.sample.crud.withBDDtest.SampleTestToUsingPatch" name="partialUpdateUsingPatch" time="3.081"/>
  <system-out/>
</testsuite> <!-- com.sample.crud.withBDDtest.SampleTestToUsingPatch -->
