<?xml version="1.0" encoding="UTF-8"?>
<!-- Generated by org.testng.reporters.JUnitReportReporter -->
<testsuite hostname="FFE-Subham-Vishwakarma" failures="0" tests="1" name="practice.responseValidation.VerifyResponseHeaderTest" time="2.678" errors="0" timestamp="2024-06-27T11:03:41 IST" skipped="0">
  <testcase classname="practice.responseValidation.VerifyResponseHeaderTest" name="verifyHeader" time="2.678"/>
  <system-out/>
</testsuite> <!-- practice.responseValidation.VerifyResponseHeaderTest -->
