<?xml version="1.0" encoding="UTF-8"?>
<!-- Generated by org.testng.reporters.JUnitReportReporter -->
<testsuite hostname="FFE-Subham-Vishwakarma" failures="0" tests="10" name="DataDriventesting.AddMulitpleProjectsUsingDPandTestData" time="2.451" errors="0" timestamp="2024-07-01T14:51:46 IST" skipped="0">
  <testcase classname="DataDriventesting.AddMulitpleProjectsUsingDPandTestData" name="sampleTest" time="0.032"/>
  <system-out/>
  <testcase classname="DataDriventesting.AddMulitpleProjectsUsingDPandTestData" name="sampleTest" time="0.041"/>
  <system-out/>
  <testcase classname="DataDriventesting.AddMulitpleProjectsUsingDPandTestData" name="sampleTest" time="0.054"/>
  <system-out/>
  <testcase classname="DataDriventesting.AddMulitpleProjectsUsingDPandTestData" name="sampleTest" time="0.040"/>
  <system-out/>
  <testcase classname="DataDriventesting.AddMulitpleProjectsUsingDPandTestData" name="sampleTest" time="0.037"/>
  <system-out/>
  <testcase classname="DataDriventesting.AddMulitpleProjectsUsingDPandTestData" name="sampleTest" time="0.037"/>
  <system-out/>
  <testcase classname="DataDriventesting.AddMulitpleProjectsUsingDPandTestData" name="sampleTest" time="0.028"/>
  <system-out/>
  <testcase classname="DataDriventesting.AddMulitpleProjectsUsingDPandTestData" name="sampleTest" time="0.021"/>
  <system-out/>
  <testcase classname="DataDriventesting.AddMulitpleProjectsUsingDPandTestData" name="sampleTest" time="0.050"/>
  <system-out/>
  <testcase classname="DataDriventesting.AddMulitpleProjectsUsingDPandTestData" name="sampleTest" time="2.111"/>
  <system-out/>
</testsuite> <!-- DataDriventesting.AddMulitpleProjectsUsingDPandTestData -->
