<?xml version="1.0" encoding="UTF-8"?>
<!-- Generated by org.testng.reporters.JUnitReportReporter -->
<testsuite hostname="FFE-Subham-Vishwakarma" failures="0" tests="1" name="practice.responseValidation.VerifyDataFromComplexJsonXpath" time="2.394" errors="0" timestamp="2024-06-27T15:50:37 IST" skipped="0">
  <testcase classname="practice.responseValidation.VerifyDataFromComplexJsonXpath" name="sampleTest" time="2.394"/>
  <system-out/>
</testsuite> <!-- practice.responseValidation.VerifyDataFromComplexJsonXpath -->
