<?xml version="1.0" encoding="UTF-8"?>
<!-- Generated by org.testng.reporters.JUnitReportReporter -->
<testsuite hostname="FFE-Subham-Vishwakarma" failures="0" tests="1" name="com.sample.crud.withBDDtest.SampleTestForRead" time="2.978" errors="0" timestamp="2024-06-25T18:41:50 IST" skipped="0">
  <testcase classname="com.sample.crud.withBDDtest.SampleTestForRead" name="getDataFromServer" time="2.978"/>
  <system-out/>
</testsuite> <!-- com.sample.crud.withBDDtest.SampleTestForRead -->
