<?xml version="1.0" encoding="UTF-8"?>
<!-- Generated by org.testng.reporters.JUnitReportReporter -->
<testsuite hostname="FFE-Subham-Vishwakarma" failures="0" tests="1" name="com.sample.crud.withoutBDD.SampleTestForRead" time="2.598" errors="0" timestamp="2024-06-25T17:43:44 IST" skipped="0">
  <testcase classname="com.sample.crud.withoutBDD.SampleTestForRead" name="getDataFromServer" time="2.598"/>
  <system-out/>
</testsuite> <!-- com.sample.crud.withoutBDD.SampleTestForRead -->
