<?xml version="1.0" encoding="UTF-8"?>
<!-- Generated by org.testng.reporters.JUnitReportReporter -->
<testsuite hostname="FFE-Subham-Vishwakarma" failures="0" tests="1" name="typeOfParameter.PathParameterTest" time="2.247" errors="0" timestamp="2024-06-28T12:55:42 IST" skipped="0">
  <testcase classname="typeOfParameter.PathParameterTest" name="sampleTest" time="2.247"/>
  <system-out/>
</testsuite> <!-- typeOfParameter.PathParameterTest -->
