<?xml version="1.0" encoding="UTF-8"?>
<!-- Generated by org.testng.reporters.JUnitReportReporter -->
<testsuite hostname="FFE-Subham-Vishwakarma" failures="0" tests="1" name="com.sample.crud.withBDDtest.SampleTestForDelete" time="2.403" errors="0" timestamp="2024-06-26T10:23:10 IST" skipped="0">
  <testcase classname="com.sample.crud.withBDDtest.SampleTestForDelete" name="deleteDataFromServer" time="2.403"/>
  <system-out/>
</testsuite> <!-- com.sample.crud.withBDDtest.SampleTestForDelete -->
