<?xml version="1.0" encoding="UTF-8"?>
<!-- Generated by org.testng.reporters.JUnitReportReporter -->
<testsuite hostname="FFE-Subham-Vishwakarma" failures="0" tests="1" name="BasicAuth.PreEmptiveAuth" time="1.125" errors="0" timestamp="2024-06-28T16:00:02 IST" skipped="0">
  <testcase classname="BasicAuth.PreEmptiveAuth" name="sampleTest" time="1.125"/>
  <system-out/>
</testsuite> <!-- BasicAuth.PreEmptiveAuth -->
