<?xml version="1.0" encoding="UTF-8"?>
<!-- Generated by org.testng.reporters.JUnitReportReporter -->
<testsuite hostname="FFE-Subham-Vishwakarma" failures="0" tests="1" name="typeOfParameter.QueryParameterTes" time="5.999" errors="0" timestamp="2024-06-28T12:59:58 IST" skipped="0">
  <testcase classname="typeOfParameter.QueryParameterTes" name="sampleTest" time="5.999"/>
  <system-out/>
</testsuite> <!-- typeOfParameter.QueryParameterTes -->
