<?xml version="1.0" encoding="UTF-8"?>
<!-- Generated by org.testng.reporters.JUnitReportReporter -->
<testsuite hostname="FFE-Subham-Vishwakarma" failures="0" tests="1" name="BasicAuth.BasicAuth" time="1.183" errors="0" timestamp="2024-06-28T15:57:21 IST" skipped="0">
  <testcase classname="BasicAuth.BasicAuth" name="sampleTest" time="1.183"/>
  <system-out/>
</testsuite> <!-- BasicAuth.BasicAuth -->
