<?xml version="1.0" encoding="UTF-8"?>
<!-- Generated by org.testng.reporters.JUnitReportReporter -->
<testsuite hostname="FFE-Subham-Vishwakarma" failures="0" tests="1" name="panCardMock.CreditCardPaymentTest" time="3.405" errors="0" timestamp="2024-07-02T17:40:46 IST" skipped="0">
  <testcase classname="panCardMock.CreditCardPaymentTest" name="sampleTest" time="3.405"/>
  <system-out/>
</testsuite> <!-- panCardMock.CreditCardPaymentTest -->
