<?xml version="1.0" encoding="UTF-8"?>
<!-- Generated by org.testng.reporters.JUnitReportReporter -->
<testsuite hostname="FFE-Subham-Vishwakarma" failures="0" tests="1" name="com.sample.crud.withBDDtest.SampleTestToUsingPUT" time="2.645" errors="0" timestamp="2024-06-26T10:15:44 IST" skipped="0">
  <testcase classname="com.sample.crud.withBDDtest.SampleTestToUsingPUT" name="createData" time="2.645"/>
  <system-out/>
</testsuite> <!-- com.sample.crud.withBDDtest.SampleTestToUsingPUT -->
