<?xml version="1.0" encoding="UTF-8"?>
<!-- Generated by org.testng.reporters.JUnitReportReporter -->
<testsuite hostname="FFE-Subham-Vishwakarma" failures="0" tests="1" name="practice.responseValidation.VerifyResponseTimeTest" time="1.023" errors="0" timestamp="2024-06-27T11:21:08 IST" skipped="0">
  <testcase classname="practice.responseValidation.VerifyResponseTimeTest" name="verifyTimeTest" time="1.023"/>
  <system-out/>
</testsuite> <!-- practice.responseValidation.VerifyResponseTimeTest -->
