<?xml version="1.0" encoding="UTF-8"?>
<!-- Generated by org.testng.reporters.JUnitReportReporter -->
<testsuite hostname="FFE-Subham-Vishwakarma" failures="0" tests="1" name="com.sample.crud.withoutBDD.SampleTestToCreate" time="2.543" errors="0" timestamp="2024-06-25T18:01:31 IST" skipped="0">
  <testcase classname="com.sample.crud.withoutBDD.SampleTestToCreate" name="createData" time="2.543"/>
  <system-out/>
</testsuite> <!-- com.sample.crud.withoutBDD.SampleTestToCreate -->
