<?xml version="1.0" encoding="UTF-8"?>
<!-- Generated by org.testng.reporters.JUnitReportReporter -->
<testsuite hostname="FFE-Subham-Vishwakarma" failures="0" tests="1" name="API_encodeTest" time="2.294" errors="0" timestamp="2024-07-01T10:43:41 IST" skipped="0">
  <testcase classname="API_encodeTest" name="sampleTest" time="2.294"/>
  <system-out/>
</testsuite> <!-- API_encodeTest -->
