<?xml version="1.0" encoding="UTF-8"?>
<!-- Generated by org.testng.reporters.JUnitReportReporter -->
<testsuite hostname="FFE-Subham-Vishwakarma" failures="0" tests="1" name="com.sample.crud.withoutBDD.SampleTestForDeleteTest" time="2.298" errors="0" timestamp="2024-06-25T18:12:44 IST" skipped="0">
  <testcase classname="com.sample.crud.withoutBDD.SampleTestForDeleteTest" name="deleteProjectTest" time="2.298"/>
  <system-out/>
</testsuite> <!-- com.sample.crud.withoutBDD.SampleTestForDeleteTest -->
