<?xml version="1.0" encoding="UTF-8"?>
<!-- Generated by org.testng.reporters.JUnitReportReporter -->
<testsuite hostname="FFE-Subham-Vishwakarma" failures="0" tests="1" name="requestChaining.Scenario_3_getPayroll_Info" time="4.120" errors="0" timestamp="2024-06-28T12:25:44 IST" skipped="0">
  <testcase classname="requestChaining.Scenario_3_getPayroll_Info" name="sampleTest" time="4.120"/>
  <system-out/>
</testsuite> <!-- requestChaining.Scenario_3_getPayroll_Info -->
