<?xml version="1.0" encoding="UTF-8"?>
<!-- Generated by org.testng.reporters.JUnitReportReporter -->
<testsuite hostname="FFE-Subham-Vishwakarma" failures="0" tests="1" name="com.sample.crud.withoutBDD.SampleTestForUpdateUsingPatch" time="2.645" errors="0" timestamp="2024-06-25T18:10:32 IST" skipped="0">
  <testcase classname="com.sample.crud.withoutBDD.SampleTestForUpdateUsingPatch" name="updateDataTest" time="2.645"/>
  <system-out/>
</testsuite> <!-- com.sample.crud.withoutBDD.SampleTestForUpdateUsingPatch -->
