<?xml version="1.0" encoding="UTF-8"?>
<!-- Generated by org.testng.reporters.JUnitReportReporter -->
<testsuite hostname="FFE-Subham-Vishwakarma" failures="0" tests="1" name="typeOfParameter.formParameter" time="2.319" errors="0" timestamp="2024-06-28T14:50:53 IST" skipped="0">
  <testcase classname="typeOfParameter.formParameter" name="sampleTest" time="2.319"/>
  <system-out/>
</testsuite> <!-- typeOfParameter.formParameter -->
