<?xml version="1.0" encoding="UTF-8"?>
<!-- Generated by org.testng.reporters.JUnitReportReporter -->
<testsuite hostname="FFE-Subham-Vishwakarma" failures="0" tests="1" name="BasicAuth.DigestiveAuthTest" time="1.134" errors="0" timestamp="2024-06-28T15:58:55 IST" skipped="0">
  <testcase classname="BasicAuth.DigestiveAuthTest" name="sampleTest" time="1.134"/>
  <system-out/>
</testsuite> <!-- BasicAuth.DigestiveAuthTest -->
