<?xml version="1.0" encoding="UTF-8"?>
<!-- Generated by org.testng.reporters.JUnitReportReporter -->
<testsuite hostname="FFE-Subham-Vishwakarma" failures="0" tests="1" name="requestChaining.Scenerio_2_AddEmployeeToProject" time="4.293" errors="0" timestamp="2024-06-28T11:07:06 IST" skipped="0">
  <testcase classname="requestChaining.Scenerio_2_AddEmployeeToProject" name="postDataToServer" time="4.293"/>
  <system-out/>
</testsuite> <!-- requestChaining.Scenerio_2_AddEmployeeToProject -->
