<?xml version="1.0" encoding="UTF-8"?>
<!-- Generated by org.testng.reporters.JUnitReportReporter -->
<testsuite hostname="FFE-Subham-Vishwakarma" failures="0" tests="1" name="requestChaining.DeleteProject" time="4.045" errors="0" timestamp="2024-06-27T18:05:43 IST" skipped="0">
  <testcase classname="requestChaining.DeleteProject" name="postDataToServer" time="4.045"/>
  <system-out/>
</testsuite> <!-- requestChaining.DeleteProject -->
