<?xml version="1.0" encoding="UTF-8"?>
<!-- Generated by org.testng.reporters.JUnitReportReporter -->
<testsuite hostname="FFE-Subham-Vishwakarma" failures="0" tests="1" name="practice.SampleTestUsingMethodChainingTest" time="3.729" errors="0" timestamp="2024-06-25T15:17:07 IST" skipped="0">
  <testcase classname="practice.SampleTestUsingMethodChainingTest" name="getRequestTest" time="3.729"/>
  <system-out/>
</testsuite> <!-- practice.SampleTestUsingMethodChainingTest -->
